time="2024-04-14T14:27:14.585883053Z" level=info msg="Starting Dapr Runtime -- version 1.13.2 -- commit f09b193d8ac62bef6c0fd5452a00d2a49cd0d134" app_id=orderprocsvc instance=orderprocsvc-5868664db-8x96k scope=dapr.runtime type=log ver=1.13.2
time="2024-04-14T14:27:14.585913428Z" level=info msg="Log level set to: info" app_id=orderprocsvc instance=orderprocsvc-5868664db-8x96k scope=dapr.runtime type=log ver=1.13.2
time="2024-04-14T14:27:14.586498137Z" level=info msg="Fetching initial identity certificate from dapr-sentry.dapr-system.svc.cluster.local:443" app_id=orderprocsvc instance=orderprocsvc-5868664db-8x96k scope=dapr.runtime.security type=log ver=1.13.2
time="2024-04-14T14:27:14.593831803Z" level=info msg="Security is initialized successfully" app_id=orderprocsvc instance=orderprocsvc-5868664db-8x96k scope=dapr.runtime.security type=log ver=1.13.2
time="2024-04-14T14:27:14.593981095Z" level=info msg="Starting workload cert expiry watcher; current cert expires on: 2024-04-15 14:27:14 +0000 UTC, renewing at 2024-04-15 07:10:44 +0000 UTC" app_id=orderprocsvc instance=orderprocsvc-5868664db-8x96k scope=dapr.runtime.security type=log ver=1.13.2
time="2024-04-14T14:27:14.594118678Z" level=info msg="Initializing the operator client" app_id=orderprocsvc instance=orderprocsvc-5868664db-8x96k scope=dapr.runtime type=log ver=1.13.2
time="2024-04-14T14:27:14.597764887Z" level=info msg="loading default configuration" app_id=orderprocsvc instance=orderprocsvc-5868664db-8x96k scope=dapr.runtime type=log ver=1.13.2
time="2024-04-14T14:27:14.597793303Z" level=warning msg="The default value for 'spec.metric.http.increasedCardinality' will change to 'false' in Dapr 1.14" app_id=orderprocsvc instance=orderprocsvc-5868664db-8x96k scope=dapr.runtime type=log ver=1.13.2
time="2024-04-14T14:27:14.60323747Z" level=info msg="kubernetes mode configured" app_id=orderprocsvc instance=orderprocsvc-5868664db-8x96k scope=dapr.runtime type=log ver=1.13.2
time="2024-04-14T14:27:14.603270512Z" level=info msg="app id: orderprocsvc" app_id=orderprocsvc instance=orderprocsvc-5868664db-8x96k scope=dapr.runtime type=log ver=1.13.2
time="2024-04-14T14:27:14.603390637Z" level=info msg="metrics server started on :9090/" app_id=orderprocsvc instance=orderprocsvc-5868664db-8x96k scope=dapr.runtime type=log ver=1.13.2
time="2024-04-14T14:27:14.603571637Z" level=info msg="Dapr trace sampler initialized: DaprTraceSampler(P=0.000100)" app_id=orderprocsvc instance=orderprocsvc-5868664db-8x96k scope=dapr.runtime type=log ver=1.13.2
time="2024-04-14T14:27:14.60359747Z" level=info msg="Initialized name resolution to kubernetes" app_id=orderprocsvc instance=orderprocsvc-5868664db-8x96k scope=dapr.runtime type=log ver=1.13.2
time="2024-04-14T14:27:14.603683303Z" level=info msg="Loading components…" app_id=orderprocsvc instance=orderprocsvc-5868664db-8x96k scope=dapr.runtime type=log ver=1.13.2
time="2024-04-14T14:27:14.604095053Z" level=info msg="Component loaded: kubernetes (secretstores.kubernetes/v1)" app_id=orderprocsvc instance=orderprocsvc-5868664db-8x96k scope=dapr.runtime.processor type=log ver=1.13.2
time="2024-04-14T14:27:14.604659345Z" level=info msg="Component loaded: orders-pubsub (pubsub.in-memory/v1)" app_id=orderprocsvc instance=orderprocsvc-5868664db-8x96k scope=dapr.runtime.processor type=log ver=1.13.2
time="2024-04-14T14:27:14.604803262Z" level=info msg="Waiting for all outstanding components to be processed…" app_id=orderprocsvc instance=orderprocsvc-5868664db-8x96k scope=dapr.runtime type=log ver=1.13.2
time="2024-04-14T14:27:14.610164553Z" level=info msg="Component loaded: orders-store (state.redis/v1)" app_id=orderprocsvc instance=orderprocsvc-5868664db-8x96k scope=dapr.runtime.processor type=log ver=1.13.2
time="2024-04-14T14:27:14.61019922Z" level=info msg="All outstanding components processed" app_id=orderprocsvc instance=orderprocsvc-5868664db-8x96k scope=dapr.runtime type=log ver=1.13.2
time="2024-04-14T14:27:14.610218303Z" level=info msg="Loading endpoints…" app_id=orderprocsvc instance=orderprocsvc-5868664db-8x96k scope=dapr.runtime type=log ver=1.13.2
time="2024-04-14T14:27:14.610849178Z" level=info msg="Waiting for all outstanding http endpoints to be processed…" app_id=orderprocsvc instance=orderprocsvc-5868664db-8x96k scope=dapr.runtime type=log ver=1.13.2
time="2024-04-14T14:27:14.61087347Z" level=info msg="All outstanding http endpoints processed" app_id=orderprocsvc instance=orderprocsvc-5868664db-8x96k scope=dapr.runtime type=log ver=1.13.2
time="2024-04-14T14:27:14.610941095Z" level=info msg="gRPC server listening on TCP address: [::1]:50001" app_id=orderprocsvc instance=orderprocsvc-5868664db-8x96k scope=dapr.runtime.grpc.api type=log ver=1.13.2
time="2024-04-14T14:27:14.610995637Z" level=info msg="gRPC server listening on TCP address: 127.0.0.1:50001" app_id=orderprocsvc instance=orderprocsvc-5868664db-8x96k scope=dapr.runtime.grpc.api type=log ver=1.13.2
time="2024-04-14T14:27:14.611004303Z" level=info msg="Enabled gRPC tracing middleware" app_id=orderprocsvc instance=orderprocsvc-5868664db-8x96k scope=dapr.runtime.grpc.api type=log ver=1.13.2
time="2024-04-14T14:27:14.611008053Z" level=info msg="Enabled gRPC metrics middleware" app_id=orderprocsvc instance=orderprocsvc-5868664db-8x96k scope=dapr.runtime.grpc.api type=log ver=1.13.2
time="2024-04-14T14:27:14.61106697Z" level=info msg="Registering workflow engine for gRPC endpoint: [::1]:50001" app_id=orderprocsvc instance=orderprocsvc-5868664db-8x96k scope=dapr.runtime.grpc.api type=log ver=1.13.2
time="2024-04-14T14:27:14.611082762Z" level=info msg="Enabled gRPC tracing middleware" app_id=orderprocsvc instance=orderprocsvc-5868664db-8x96k scope=dapr.runtime.grpc.api type=log ver=1.13.2
time="2024-04-14T14:27:14.611087137Z" level=info msg="Enabled gRPC metrics middleware" app_id=orderprocsvc instance=orderprocsvc-5868664db-8x96k scope=dapr.runtime.grpc.api type=log ver=1.13.2
time="2024-04-14T14:27:14.611107012Z" level=info msg="Registering workflow engine for gRPC endpoint: 127.0.0.1:50001" app_id=orderprocsvc instance=orderprocsvc-5868664db-8x96k scope=dapr.runtime.grpc.api type=log ver=1.13.2
time="2024-04-14T14:27:14.611161178Z" level=info msg="API gRPC server is running on port 50001" app_id=orderprocsvc instance=orderprocsvc-5868664db-8x96k scope=dapr.runtime type=log ver=1.13.2
time="2024-04-14T14:27:14.611200512Z" level=info msg="Enabled max body size HTTP middleware with size 4 MB" app_id=orderprocsvc instance=orderprocsvc-5868664db-8x96k scope=dapr.runtime.http type=log ver=1.13.2
time="2024-04-14T14:27:14.611207678Z" level=info msg="Enabled tracing HTTP middleware" app_id=orderprocsvc instance=orderprocsvc-5868664db-8x96k scope=dapr.runtime.http type=log ver=1.13.2
time="2024-04-14T14:27:14.611211345Z" level=info msg="Enabled metrics HTTP middleware" app_id=orderprocsvc instance=orderprocsvc-5868664db-8x96k scope=dapr.runtime.http type=log ver=1.13.2
time="2024-04-14T14:27:14.611393303Z" level=info msg="HTTP server listening on TCP address: [::1]:3500" app_id=orderprocsvc instance=orderprocsvc-5868664db-8x96k scope=dapr.runtime.http type=log ver=1.13.2
time="2024-04-14T14:27:14.611496012Z" level=info msg="HTTP server listening on TCP address: 127.0.0.1:3500" app_id=orderprocsvc instance=orderprocsvc-5868664db-8x96k scope=dapr.runtime.http type=log ver=1.13.2
time="2024-04-14T14:27:14.611507887Z" level=info msg="Enabled tracing HTTP middleware" app_id=orderprocsvc instance=orderprocsvc-5868664db-8x96k scope=dapr.runtime.http type=log ver=1.13.2
time="2024-04-14T14:27:14.611511887Z" level=info msg="Enabled metrics HTTP middleware" app_id=orderprocsvc instance=orderprocsvc-5868664db-8x96k scope=dapr.runtime.http type=log ver=1.13.2
time="2024-04-14T14:27:14.611528387Z" level=info msg="HTTP server is running on port 3500" app_id=orderprocsvc instance=orderprocsvc-5868664db-8x96k scope=dapr.runtime type=log ver=1.13.2
time="2024-04-14T14:27:14.611533803Z" level=info msg="The request body size parameter is: 4" app_id=orderprocsvc instance=orderprocsvc-5868664db-8x96k scope=dapr.runtime type=log ver=1.13.2
time="2024-04-14T14:27:14.611551095Z" level=info msg="gRPC server listening on TCP address: :50002" app_id=orderprocsvc instance=orderprocsvc-5868664db-8x96k scope=dapr.runtime.grpc.internal type=log ver=1.13.2
time="2024-04-14T14:27:14.611558428Z" level=info msg="Enabled gRPC tracing middleware" app_id=orderprocsvc instance=orderprocsvc-5868664db-8x96k scope=dapr.runtime.grpc.internal type=log ver=1.13.2
time="2024-04-14T14:27:14.611562178Z" level=info msg="Enabled gRPC metrics middleware" app_id=orderprocsvc instance=orderprocsvc-5868664db-8x96k scope=dapr.runtime.grpc.internal type=log ver=1.13.2
time="2024-04-14T14:27:14.611581637Z" level=info msg="Internal gRPC server is running on port 50002" app_id=orderprocsvc instance=orderprocsvc-5868664db-8x96k scope=dapr.runtime type=log ver=1.13.2
time="2024-04-14T14:27:14.611638512Z" level=info msg="application protocol: http. waiting on port 6060.  This will block until the app is listening on that port." app_id=orderprocsvc instance=orderprocsvc-5868664db-8x96k scope=dapr.runtime type=log ver=1.13.2
time="2024-04-14T14:27:15.417187554Z" level=info msg="application discovered on port 6060" app_id=orderprocsvc instance=orderprocsvc-5868664db-8x96k scope=dapr.runtime type=log ver=1.13.2
time="2024-04-14T14:27:15.418180554Z" level=info msg="Application configuration loaded" app_id=orderprocsvc instance=orderprocsvc-5868664db-8x96k scope=dapr.runtime type=log ver=1.13.2
time="2024-04-14T14:27:15.418198345Z" level=info msg="actors: state store is not configured - this is okay for clients but services with hosted actors will fail to initialize!" app_id=orderprocsvc instance=orderprocsvc-5868664db-8x96k scope=dapr.runtime type=log ver=1.13.2
time="2024-04-14T14:27:15.41821522Z" level=info msg="Configuring actors placement provider 'placement'. Configuration: 'placement:dapr-placement-server.dapr-system.svc.cluster.local:50005'" app_id=orderprocsvc instance=orderprocsvc-5868664db-8x96k scope=dapr.runtime.actor type=log ver=1.13.2
time="2024-04-14T14:27:15.418232262Z" level=info msg="Configuring actor reminders provider 'default'. Configuration: ''" app_id=orderprocsvc instance=orderprocsvc-5868664db-8x96k scope=dapr.runtime.actor type=log ver=1.13.2
time="2024-04-14T14:27:15.418254262Z" level=info msg="Actor runtime started. Actor idle timeout: 1h0m0s. Actor scan interval: 30s" app_id=orderprocsvc instance=orderprocsvc-5868664db-8x96k scope=dapr.runtime.actor type=log ver=1.13.2
time="2024-04-14T14:27:15.418262887Z" level=info msg="Configuring workflow engine with actors backend" app_id=orderprocsvc instance=orderprocsvc-5868664db-8x96k scope=dapr.runtime type=log ver=1.13.2
time="2024-04-14T14:27:15.418267179Z" level=info msg="Registering component for dapr workflow engine..." app_id=orderprocsvc instance=orderprocsvc-5868664db-8x96k scope=dapr.runtime type=log ver=1.13.2
time="2024-04-14T14:27:15.418278804Z" level=info msg="Initializing Dapr workflow component" app_id=orderprocsvc component="dapr (workflow.dapr/v1)" instance=orderprocsvc-5868664db-8x96k scope=dapr.contrib type=log ver=1.13.2
time="2024-04-14T14:27:15.418298095Z" level=info msg="Workflow engine initialized." app_id=orderprocsvc instance=orderprocsvc-5868664db-8x96k scope=dapr.runtime type=log ver=1.13.2
time="2024-04-14T14:27:15.419945845Z" level=warning msg="two identical subscriptions found (sources: declarative, app endpoint). pubsubname: orders-pubsub, topic: orders" app_id=orderprocsvc instance=orderprocsvc-5868664db-8x96k scope=dapr.runtime.processor.pubsub type=log ver=1.13.2
time="2024-04-14T14:27:15.419996429Z" level=info msg="app is subscribed to the following topics: [orders] through pubsub=orders-pubsub" app_id=orderprocsvc instance=orderprocsvc-5868664db-8x96k scope=dapr.runtime.processor.pubsub type=log ver=1.13.2
time="2024-04-14T14:27:15.42009597Z" level=info msg="dapr initialized. Status: Running. Init Elapsed 816ms" app_id=orderprocsvc instance=orderprocsvc-5868664db-8x96k scope=dapr.runtime type=log ver=1.13.2
time="2024-04-14T14:27:15.427037179Z" level=info msg="Placement tables updated, version: 0" app_id=orderprocsvc instance=orderprocsvc-5868664db-8x96k scope=dapr.runtime.actors.placement type=log ver=1.13.2
